<?xml version="1.0" encoding="UTF-8"?>
<!-- Generated by org.testng.reporters.JUnitXMLReporter -->
<testsuite ignored="7" hostname="DESKTOP-I87EVTQ" failures="1" tests="1" name="Unit Test Cases" time="0.597" errors="0" timestamp="2021-12-20T12:49:28 IST">
  <testcase classname="com.w2a.testcases.AllUnitTestCases" name="createUnitWithBlankData" time="0.419">
    <failure type="java.lang.AssertionError" message="Test case forcefully failed">
      <![CDATA[java.lang.AssertionError: Test case forcefully failed
at com.w2a.testcases.AllUnitTestCases.createUnitWithBlankData(AllUnitTestCases.java:386)
at java.base/java.util.ArrayList.forEach(ArrayList.java:1541)
at com.intellij.rt.testng.IDEARemoteTestNG.run(IDEARemoteTestNG.java:66)
at com.intellij.rt.testng.RemoteTestNGStarter.main(RemoteTestNGStarter.java:109)
... Removed 25 stack frames]]>
    </failure>
  </testcase> <!-- createUnitWithBlankData -->
  <testcase classname="com.w2a.testcases.AllUnitTestCases" name="createUnitWithBlankUnit" time="0.0">
    <ignored/>
  </testcase> <!-- createUnitWithBlankUnit -->
  <testcase classname="com.w2a.testcases.AllUnitTestCases" name="c_clickingOnUnitButton" time="0.0">
    <ignored/>
  </testcase> <!-- c_clickingOnUnitButton -->
  <testcase classname="com.w2a.testcases.AllUnitTestCases" name="clickingOnBackButton" time="0.0">
    <ignored/>
  </testcase> <!-- clickingOnBackButton -->
  <testcase classname="com.w2a.testcases.AllUnitTestCases" name="b_editUnit" time="0.0">
    <ignored/>
  </testcase> <!-- b_editUnit -->
  <testcase classname="com.w2a.testcases.AllUnitTestCases" name="createUnitWithBlankName" time="0.0">
    <ignored/>
  </testcase> <!-- createUnitWithBlankName -->
  <testcase classname="com.w2a.testcases.AllUnitTestCases" name="d_deleteUnit" time="0.0">
    <ignored/>
  </testcase> <!-- d_deleteUnit -->
  <testcase classname="com.w2a.testcases.AllUnitTestCases" name="a_addUnit" time="0.0">
    <ignored/>
  </testcase> <!-- a_addUnit -->
</testsuite> <!-- Unit Test Cases -->
